\BOOKMARK [1][-]{section.1}{\376\377\137\072\121\370\121\375\145\160\166\370\116\222\173\111\116\367\140\047}{}% 1
\BOOKMARK [2][-]{subsection.1.1}{\376\377\000M\000o\000n\000o\000t\000o\000n\000i\000c\000i\000t\000y}{section.1}% 2
\BOOKMARK [2][-]{subsection.1.2}{\376\377\000J\000e\000n\000s\000e\000n\000'\000s\000\040\000I\000n\000e\000q\000u\000a\000l\000i\000t\000y}{section.1}% 3
\BOOKMARK [2][-]{subsection.1.3}{\376\377\116\214\226\066\137\072\121\370\147\141\116\366}{section.1}% 4
\BOOKMARK [1][-]{section.2}{\376\377\145\340\172\167\203\003\145\160\166\204\133\371\120\166\203\003\145\160\146\057\116\000\203\003\145\160}{}% 5
\BOOKMARK [1][-]{section.3}{\376\377\116\064\217\321\173\227\133\120}{}% 6
\BOOKMARK [2][-]{subsection.3.1}{\376\377\116\214\153\041\121\375\145\160}{section.3}% 7
\BOOKMARK [2][-]{subsection.3.2}{\376\377\215\037\201\352\161\066\133\371\145\160\166\204\124\214}{section.3}% 8
\BOOKMARK [1][-]{section.4}{\376\377\116\064\217\321\173\227\133\120\127\372\147\054\217\320\173\227\211\304\122\031}{}% 9
\BOOKMARK [2][-]{subsection.4.1}{\376\377\000L\000i\000n\000e\000a\000r\000\040\000C\000o\000m\000b\000i\000n\000a\000t\000i\000o\000n}{section.4}% 10
\BOOKMARK [2][-]{subsection.4.2}{\376\377\000A\000f\000f\000i\000n\000e\000\040\000A\000d\000d\000i\000t\000i\000o\000n}{section.4}% 11
\BOOKMARK [2][-]{subsection.4.3}{\376\377\000Q\000u\000a\000d\000r\000a\000t\000i\000c\000\040\000A\000d\000d\000i\000t\000i\000o\000n}{section.4}% 12
\BOOKMARK [2][-]{subsection.4.4}{\376\377\000S\000c\000a\000l\000i\000n\000g\000\040\000a\000n\000d\000\040\000T\000r\000a\000n\000s\000l\000a\000t\000i\000o\000n}{section.4}% 13
\BOOKMARK [1][-]{section.5}{\376\377\117\030\123\026\145\271\154\325\140\073\176\323}{}% 14
\BOOKMARK [1][-]{section.6}{\376\377\121\161\217\155\121\375\145\160\140\073\146\057\121\370\121\375\145\160}{}% 15
\BOOKMARK [1][-]{section.7}{\376\377\000L\000a\000g\000r\000a\000n\000g\000e\133\371\120\166\225\356\230\230\140\073\146\057\121\370\117\030\123\026\225\356\230\230}{}% 16
\BOOKMARK [1][-]{section.8}{\376\377\173\111\137\017\176\246\147\137\203\003\145\160\147\201\134\017\123\026}{}% 17
\BOOKMARK [1][-]{section.9}{\376\377\000S\000V\000M\166\204\000K\000K\000T\147\141\116\366}{}% 18
\BOOKMARK [1][-]{section.10}{\376\377\000R\000i\000g\000d\000e\000\040\000R\000e\000g\000r\000e\000s\000s\000i\000o\000n\166\204\133\371\120\166\225\356\230\230}{}% 19
\BOOKMARK [1][-]{section.11}{\376\377\220\073\217\221\126\336\137\122\000l\000o\000s\000s\116\072\121\370\121\375\145\160}{}% 20
\BOOKMARK [1][-]{section.12}{\376\377\000S\000e\000l\000f\000-\000C\000o\000n\000c\000o\000r\000d\000a\000n\000t\121\375\145\160\140\047\215\050\116\016\133\236\117\213}{}% 21
\BOOKMARK [2][-]{subsection.12.1}{\376\377\201\352\124\214\214\020\121\375\145\160\140\047\215\050}{section.12}% 22
\BOOKMARK [2][-]{subsection.12.2}{\376\377\201\352\124\214\214\020\121\375\145\160\133\236\117\213}{section.12}% 23
\BOOKMARK [3][-]{subsubsection.12.2.1}{\376\377\173\054\116\000\116\052}{subsection.12.2}% 24
\BOOKMARK [3][-]{subsubsection.12.2.2}{\376\377\173\054\116\214\116\052}{subsection.12.2}% 25
\BOOKMARK [3][-]{subsubsection.12.2.3}{\376\377\173\054\116\011\116\052}{subsection.12.2}% 26
